\BOOKMARK [1][-]{section.1}{Company information}{}% 1
\BOOKMARK [2][-]{subsection.1.1}{}{section.1}% 2
\BOOKMARK [2][-]{subsection.1.2}{}{section.1}% 3
\BOOKMARK [1][-]{section.2}{Definitions}{}% 4
\BOOKMARK [1][-]{section.3}{Contact details}{}% 5
\BOOKMARK [2][-]{subsection.3.1}{}{section.3}% 6
\BOOKMARK [2][-]{subsection.3.2}{}{section.3}% 7
\BOOKMARK [2][-]{subsection.3.3}{}{section.3}% 8
\BOOKMARK [2][-]{subsection.3.4}{}{section.3}% 9
\BOOKMARK [1][-]{section.4}{General}{}% 10
\BOOKMARK [2][-]{subsection.4.1}{}{section.4}% 11
\BOOKMARK [1][-]{section.5}{Payments}{}% 12
\BOOKMARK [2][-]{subsection.5.1}{}{section.5}% 13
\BOOKMARK [2][-]{subsection.5.2}{}{section.5}% 14
\BOOKMARK [2][-]{subsection.5.3}{}{section.5}% 15
\BOOKMARK [2][-]{subsection.5.4}{}{section.5}% 16
\BOOKMARK [1][-]{section.6}{Right of withdrawal}{}% 17
\BOOKMARK [2][-]{subsection.6.1}{}{section.6}% 18
\BOOKMARK [2][-]{subsection.6.2}{}{section.6}% 19
\BOOKMARK [2][-]{subsection.6.3}{}{section.6}% 20
\BOOKMARK [2][-]{subsection.6.4}{}{section.6}% 21
\BOOKMARK [2][-]{subsection.6.5}{}{section.6}% 22
\BOOKMARK [2][-]{subsection.6.6}{}{section.6}% 23
\BOOKMARK [1][-]{section.7}{Warranty and Return Policy}{}% 24
\BOOKMARK [2][-]{subsection.7.1}{}{section.7}% 25
\BOOKMARK [2][-]{subsection.7.2}{}{section.7}% 26
\BOOKMARK [2][-]{subsection.7.3}{}{section.7}% 27
\BOOKMARK [2][-]{subsection.7.4}{}{section.7}% 28
\BOOKMARK [2][-]{subsection.7.5}{}{section.7}% 29
\BOOKMARK [2][-]{subsection.7.6}{}{section.7}% 30
\BOOKMARK [2][-]{subsection.7.7}{}{section.7}% 31
\BOOKMARK [1][-]{section.8}{Out of Court Settlement}{}% 32
\BOOKMARK [2][-]{subsection.8.1}{}{section.8}% 33
\BOOKMARK [1][-]{section.9}{Personal details}{}% 34
\BOOKMARK [2][-]{subsection.9.1}{}{section.9}% 35
\BOOKMARK [2][-]{subsection.9.2}{}{section.9}% 36
\BOOKMARK [2][-]{subsection.9.3}{}{section.9}% 37
\BOOKMARK [1][-]{section.10}{Final Provisions}{}% 38
\BOOKMARK [2][-]{subsection.10.1}{}{section.10}% 39
\BOOKMARK [2][-]{subsection.10.2}{}{section.10}% 40
\BOOKMARK [2][-]{subsection.10.3}{}{section.10}% 41
\BOOKMARK [2][-]{subsection.10.4}{}{section.10}% 42
\BOOKMARK [2][-]{subsection.10.5}{}{section.10}% 43
\BOOKMARK [2][-]{subsection.10.6}{}{section.10}% 44
\BOOKMARK [1][-]{section.11}{Wz\363r odstapienia od umowy}{}% 45
