\BOOKMARK [0][-]{chapter*.2}{Wstep}{}% 1
\BOOKMARK [1][-]{section*.3}{Pojecia}{chapter*.2}% 2
\BOOKMARK [0][-]{chapter.1}{Opis przedsiewziecia}{}% 3
\BOOKMARK [1][-]{section.1.1}{Wstep}{chapter.1}% 4
\BOOKMARK [1][-]{section.1.2}{Specyfikacja przedsiebiorstwa}{chapter.1}% 5
\BOOKMARK [1][-]{section.1.3}{Wykszta\233cenie; doswiadczenie zawodowe; szkolenia}{chapter.1}% 6
\BOOKMARK [2][-]{subsection.1.3.1}{Wykszta\233cenie}{section.1.3}% 7
\BOOKMARK [2][-]{subsection.1.3.2}{Doswiadczenie zawodowe}{section.1.3}% 8
\BOOKMARK [2][-]{subsection.1.3.3}{Przebyte szkolenia}{section.1.3}% 9
\BOOKMARK [1][-]{section.1.4}{Podstawowe cele dzia\233alnosci}{chapter.1}% 10
\BOOKMARK [1][-]{section.1.5}{Oferowane us\233ugi}{chapter.1}% 11
\BOOKMARK [1][-]{section.1.6}{Charakterystyka produkt\363w}{chapter.1}% 12
\BOOKMARK [1][-]{section.1.7}{Motywy podjecia dzia\233alnosci}{chapter.1}% 13
\BOOKMARK [2][-]{subsection.1.7.1}{Doswiadczenie i motywacja}{section.1.7}% 14
\BOOKMARK [2][-]{subsection.1.7.2}{Uzasadnienie wyboru branzy}{section.1.7}% 15
\BOOKMARK [2][-]{subsection.1.7.3}{Motywacje osobiste}{section.1.7}% 16
\BOOKMARK [1][-]{section.1.8}{Stan przygotowan do podjecia dzia\233alnosci gospodarczej}{chapter.1}% 17
\BOOKMARK [2][-]{subsection.1.8.1}{Posiadane srodki}{section.1.8}% 18
\BOOKMARK [1][-]{section.1.9}{Struktura organizacyjna}{chapter.1}% 19
\BOOKMARK [2][-]{subsection.1.9.1}{Wstep}{section.1.9}% 20
\BOOKMARK [2][-]{subsection.1.9.2}{Proces zam\363wienia}{section.1.9}% 21
\BOOKMARK [2][-]{subsection.1.9.3}{Proces reklamacji}{section.1.9}% 22
\BOOKMARK [1][-]{section.1.10}{Struktura zatrudnienia i wynagrodzen}{chapter.1}% 23
\BOOKMARK [2][-]{subsection.1.10.1}{Opis}{section.1.10}% 24
\BOOKMARK [0][-]{chapter.2}{Analiza rynku, plan marketingowy}{}% 25
\BOOKMARK [1][-]{section.2.1}{Charakterystyka rynku}{chapter.2}% 26
\BOOKMARK [2][-]{subsection.2.1.1}{Rynek polski}{section.2.1}% 27
\BOOKMARK [2][-]{subsection.2.1.2}{Rynek kanadyjski}{section.2.1}% 28
\BOOKMARK [1][-]{section.2.2}{Charakterystyka klient\363w}{chapter.2}% 29
\BOOKMARK [2][-]{subsection.2.2.1}{Klienci indywidualani}{section.2.2}% 30
\BOOKMARK [1][-]{section.2.3}{Oczekiwania i potrzeby klient\363w}{chapter.2}% 31
\BOOKMARK [1][-]{section.2.4}{Analiza rynku}{chapter.2}% 32
\BOOKMARK [1][-]{section.2.5}{Obecni konkurenci}{chapter.2}% 33
\BOOKMARK [1][-]{section.2.6}{Sprzedaz i promocja}{chapter.2}% 34
\BOOKMARK [1][-]{section.2.7}{Dostawcy}{chapter.2}% 35
\BOOKMARK [1][-]{section.2.8}{Technologia i know-how}{chapter.2}% 36
\BOOKMARK [0][-]{chapter.3}{Analiza SWOT}{}% 37
\BOOKMARK [1][-]{section.3.1}{Analiza SWOT}{chapter.3}% 38
\BOOKMARK [0][-]{chapter.4}{Plan techniczny}{}% 39
\BOOKMARK [1][-]{section.4.1}{Wstep}{chapter.4}% 40
\BOOKMARK [1][-]{section.4.2}{Uzasadnienie techniczne}{chapter.4}% 41
\BOOKMARK [1][-]{section.4.3}{System komputerowy}{chapter.4}% 42
\BOOKMARK [2][-]{subsection.4.3.1}{Koncepcja}{section.4.3}% 43
\BOOKMARK [2][-]{subsection.4.3.2}{Specyfikacja}{section.4.3}% 44
\BOOKMARK [2][-]{subsection.4.3.3}{Implementacja}{section.4.3}% 45
\BOOKMARK [2][-]{subsection.4.3.4}{Opis systemu zarzadzania}{section.4.3}% 46
\BOOKMARK [2][-]{subsection.4.3.5}{Sklep internetowy}{section.4.3}% 47
\BOOKMARK [2][-]{subsection.4.3.6}{Charakterystyka systemu}{section.4.3}% 48
\BOOKMARK [2][-]{subsection.4.3.7}{Podsumowanie}{section.4.3}% 49
\BOOKMARK [1][-]{section.4.4}{Opis stanowiska pracy}{chapter.4}% 50
\BOOKMARK [2][-]{subsection.4.4.1}{Urzadzenia}{section.4.4}% 51
\BOOKMARK [1][-]{section.4.5}{Specyfikacja sprzetu}{chapter.4}% 52
\BOOKMARK [2][-]{subsection.4.5.1}{Specyfikacja serwera}{section.4.5}% 53
\BOOKMARK [2][-]{subsection.4.5.2}{Specyfikacja dysku sieciowego}{section.4.5}% 54
\BOOKMARK [2][-]{subsection.4.5.3}{Specyfikacja zbiorcza}{section.4.5}% 55
\BOOKMARK [2][-]{subsection.4.5.4}{Wycena inwestycji}{section.4.5}% 56
\BOOKMARK [0][-]{chapter.5}{Plan finansowy}{}% 57
\BOOKMARK [1][-]{section.5.1}{Zr\363d\233a finansowania}{chapter.5}% 58
\BOOKMARK [2][-]{subsection.5.1.1}{Wstep}{section.5.1}% 59
\BOOKMARK [2][-]{subsection.5.1.2}{Zr\363d\233a finansowania przedsiebiorstwa}{section.5.1}% 60
\BOOKMARK [1][-]{section.5.2}{Koszty miesieczne}{chapter.5}% 61
\BOOKMARK [2][-]{subsection.5.2.1}{Charakterystyka}{section.5.2}% 62
\BOOKMARK [1][-]{section.5.3}{Planowane przychody}{chapter.5}% 63
\BOOKMARK [1][-]{section.5.4}{Bilans}{chapter.5}% 64
\BOOKMARK [0][-]{appendix.A}{Regulamin sklepu internetowego}{}% 65
\BOOKMARK [1][-]{section.A.1}{Regulamin polski}{appendix.A}% 66
\BOOKMARK [1][-]{section.A.2}{Regulamin kanadyjski}{appendix.A}% 67
\BOOKMARK [0][-]{appendix.B}{Polityka cookies}{}% 68
\BOOKMARK [1][-]{section.B.1}{Polityka polska}{appendix.B}% 69
\BOOKMARK [1][-]{section.B.2}{Polityka kanadyjska}{appendix.B}% 70
\BOOKMARK [0][-]{appendix.C}{Karta gwarancyjna}{}% 71
\BOOKMARK [1][-]{section.C.1}{Polska karta gwarancyjna}{appendix.C}% 72
\BOOKMARK [1][-]{section.C.2}{Kanadyjska karta gwarancyjna}{appendix.C}% 73
