\BOOKMARK [1][-]{section.1}{ZAKRES ZASTOSOWANIA}{}% 1
\BOOKMARK [2][-]{subsection.1.1}{Og\363lne Warunki Gwarancji \(dalej OWG\) stanowia integralna czesc Um\363w Sprzedazy oraz zwiazanych z nimi um\363w o swiadczenie us\233ug zawieranych pomiedzy COMODO Group Sp\363\233ka z ograniczona odpowiedzialnoscia Sp\363\233ka komandytowa a Kupujacymi oferowanych przez nia produkt\363w, o ile umowy te nie stanowia inaczej. Uzyte w dalszej czesci niniejszych OWG okreslenia oznaczaja:}{section.1}% 2
\BOOKMARK [2][-]{subsection.1.2}{Zgodnie z niniejszym OWG SHOP NAMEudziela Kupujacemu gwarancji na wszystkie sprzedawane przez siebie Produkty, zapewnia sprawne dzia\233anie oferowanych Produkt\363w pod warunkiem korzystania z nich zgodnie z przeznaczeniem i warunkami eksploatacji okreslonymi w dokumentacji Producenta oraz niniejszej OWG.}{section.1}% 3
\BOOKMARK [2][-]{subsection.1.3}{Zgodnie z art. 558 \247 1 Kodeksu cywilnego rekojmia za Produkt jest wy\233aczona.}{section.1}% 4
\BOOKMARK [1][-]{section.2}{WARUNKI EKSPLOATACJI}{}% 5
\BOOKMARK [2][-]{subsection.2.1}{Produkty powinny byc uzytkowane w pomieszczeniach suchych i przewiewnych, o sta\233ej temperaturze i wilgotnosci.}{section.2}% 6
\BOOKMARK [2][-]{subsection.2.2}{Produkty nalezy chronic przed bezposrednim dzia\233aniem promieni s\233onecznych Produkty sk\363rzane nie powinny stac blisko grzejnika lub innych zr\363de\233 ciep\233a. Minimalna odleg\233osc od zr\363d\233a ciep\233a powinna wynosic 30 cm.}{section.2}% 7
\BOOKMARK [2][-]{subsection.2.3}{Konserwacji sk\363ry nalezy dokonywac specjalnymi srodkami pielegnacyjnymi, kt\363re tworza pow\233oke ochronna, odporna na wode i substancje oleiste.}{section.2}% 8
\BOOKMARK [2][-]{subsection.2.4}{Konserwacji mebli wykonanych w okleinach sztucznych nalezy dokonywac poprzez czyszczenie miekka sciereczka lub gabka przy uzyciu preparat\363w myjacych i konserwujacych powierzchnie drewnopochodne, lakierowane i laminowane \(np. p\233yn do mycia szyb bez amoniaku\).}{section.2}% 9
\BOOKMARK [2][-]{subsection.2.5}{Meble w okleinach naturalnych nalezy czyscic bardzo delikatnie, miekka sciereczka nasaczona \(nigdy w formie rozlewania jej na powierzchni mebla\) 2-procentowym roztworem alkoholu \(np. p\233yn do mycia szyb bez amoniaku, roztw\363r myd\233a w proporcji 250 ml wi\363rk\363w mydlanych na 1 litr ciep\233ej wody oraz mleczka do konserwacji forniru, z wy\233aczeniem t\233ustych srodk\363w zapobiegajacych osiadaniu kurzu np. Pronto przeciw kurzowi\), zgodnie z rysunkiem s\233oj\363w. Swiat\233o ma wp\233yw na fornir okleiny naturalnej. Przez pierwsze 6-8 tygodni, gdy mebel poczatkowo poch\233ania swiat\233o z otoczenia, nie nalezy stawiac na powierzchniach zadnych przedmiot\363w ani ozd\363b. Nier\363wnomierne poch\233anianie swiat\233a moze doprowadzic do powstawania trwa\233ych odbarwien, np. w kszta\233cie okreg\363w.}{section.2}% 10
\BOOKMARK [2][-]{subsection.2.6}{Podczas eksploatacji mebli w okleinach naturalnych zaleca sie stosowanie podk\233adek na blatach, w szczeg\363lnosci pod laptopa, klawiature, mysz komputerowa oraz w miejscach szczeg\363lnie narazonych na uszkodzenia mechaniczne.}{section.2}% 11
\BOOKMARK [2][-]{subsection.2.7}{Przemieszczanie mebli moze byc dokonywane jedynie poprzez ich przenoszenie \(UWAGA: mebli nie wolno przesuwac po pod\233odze\).}{section.2}% 12
\BOOKMARK [2][-]{subsection.2.8}{Zestawy szaf i biurek po\233aczone ze soba konstrukcyjnie przed przemieszczeniem nalezy zdemontowac. Wskazane jest, aby w takim przypadku demontazu dokona\233 serwis SHOP NAME.}{section.2}% 13
\BOOKMARK [2][-]{subsection.2.9}{Kupujacy dokonuje czyszczenia i konserwacji produkt\363w we w\233asnym zakresie i na w\233asny koszt.}{section.2}% 14
\BOOKMARK [1][-]{section.3}{ZAKRES GWARANCJI}{}% 15
\BOOKMARK [2][-]{subsection.3.1}{SHOP NAMEudziela Kupujacemu gwarancji na wszystkie sprzedawane przez siebie Produkty, zapewnia sprawne dzia\233anie oferowanych produkt\363w pod warunkiem korzystania z nich zgodnie z przeznaczeniem i warunkami eksploatacji okreslonymi w dokumentacji.}{section.3}% 16
\BOOKMARK [2][-]{subsection.3.2}{W okresie trwania gwarancji SHOP NAMEzobowiazany jest bezp\233atnie dostarczyc czesci zamienne lub naprawic wadliwe Produkty.}{section.3}% 17
\BOOKMARK [2][-]{subsection.3.3}{SHOP NAMEodpowiada przed Kupujacym wy\233acznie za wady fizyczne powsta\233e z przyczyn tkwiacych w sprzedanym Produkcie.Gwarancja nie sa objete wady powsta\233e z innych przyczyn, a szczeg\363lnie w wyniku:}{section.3}% 18
\BOOKMARK [2][-]{subsection.3.4}{Gwarancja nie obejmuje czesci podlegajacych normalnemu zuzyciu Produktu wynikajacych z jego poprawnej eksploatacji}{section.3}% 19
\BOOKMARK [2][-]{subsection.3.5}{Gwarancja nie sa objete zmiany spowodowane dzia\233aniem promieni s\233onecznych oraz naturalne cechy surowca, takie jak: r\363znice w odcieniach i us\233ojeniu mebli fornirowanych, r\363znice w fakturze i odcieniach oraz blizny i slady uk\233uc owad\363w w Produktach pokrytych sk\363ra.}{section.3}% 20
\BOOKMARK [2][-]{subsection.3.6}{Gwarancja nie obejmuje Produktu, kt\363rego na podstawie przed\233ozonych dokument\363w i cech znamionowych nie mozna zidentyfikowac jako Produktu zakupionego u SHOP NAME.}{section.3}% 21
\BOOKMARK [1][-]{section.4}{OKRES GWARANCJI}{}% 22
\BOOKMARK [2][-]{subsection.4.1}{Okres gwarancji na Produkty oferowane przez SHOP NAMEliczony jest od daty sprzedazy i wynosi standardowo 24 miesiace.}{section.4}% 23
\BOOKMARK [2][-]{subsection.4.2}{Strony w Umowie Sprzedazy moga ustalic inne okresy gwarancji.}{section.4}% 24
\BOOKMARK [2][-]{subsection.4.3}{SHOP NAMEudziela Klientowi gwarancji na okres podany powyzej na podstawie faktury VAT lub Umowy Sprzedazy Produktu. Na zyczenie SHOP NAMEwyda Klientowi Karte gwarancyjna.}{section.4}% 25
\BOOKMARK [2][-]{subsection.4.4}{Jezeli Producent oferuje d\233uzszy okres gwarancyjny Kupujacy ma prawo, wedle w\233asnego uznania skorzystac z niniejszych OWG lub Gwarancji Producenta z zastrzezeniem ust. 5.13 i 5.14}{section.4}% 26
\BOOKMARK [1][-]{section.5}{ZG\225OSZENIE I PROCEDURA GWARANCYJNA}{}% 27
\BOOKMARK [2][-]{subsection.5.1}{Podstawa przyjecia reklamacji do rozpatrzenia jest spe\233nienie \233acznie nastepujacych warunk\363w:}{section.5}% 28
\BOOKMARK [2][-]{subsection.5.2}{Wady lub uszkodzenia Produktu ujawnione w okresie gwarancji powinny zostac zg\233oszone SHOP NAMEniezw\233ocznie, nie p\363zniej jednak niz 7 dni od daty ich ujawnienia.}{section.5}% 29
\BOOKMARK [2][-]{subsection.5.3}{Produkt, w kt\363rym stwierdzono wade powinien zostac niezw\233ocznie wy\233aczony z uzytkowania pod rygorem utraty gwarancji.}{section.5}% 30
\BOOKMARK [2][-]{subsection.5.4}{SHOP NAMEw ciagu 14 dni roboczych, od momentu zg\233oszenia Reklamacji, przeprowadza badania wyrobu i w przypadku stwierdzenia, ze wada nastapi\233a z przyczyn tkwiacych w sprzedanym Produkcie - potwierdza przyjecie zg\233oszenia reklamacyjnego oraz okresla spos\363b i zakres naprawy lub wymiany wadliwego towaru.}{section.5}% 31
\BOOKMARK [2][-]{subsection.5.5}{Jezeli SHOP NAMEnie jest w stanie stwierdzic, na podstawie z\233ozonej Reklamacji, czy wada nastapi\233a z przyczyn tkwiacych w sprzedanym Produkcie, odsy\233a reklamowany Produkt do siedziby Producenta. W przypadku odrzucenia Reklamacji przez Producenta, Produkt odsy\233any jest do miejsca montazu na koszt i ryzyko Kupujacego. SHOP NAMEzastrzega sobie r\363wniez prawo do obciazenia Kupujacego kosztami manipulacyjnymi zwiazanymi z przeprowadzeniem ekspertyzy Produktu \(gdyby by\233a konieczna\), jesli reklamowany Produkt okaze sie sprawny lub uszkodzenie nie by\233o objete gwarancja.}{section.5}% 32
\BOOKMARK [2][-]{subsection.5.6}{Wady produktu ujawnione w okresie gwarancji beda usuwane bezp\233atnie w terminie nie d\233uzszym niz 14 dni roboczych od daty przyjecia pisemnego zg\233oszenia. W przypadku, gdy zachodzi koniecznosc dokonania skomplikowanej naprawy, a takze gdy konieczne jest sprowadzenie czesci zamiennych czy podzespo\233\363w z zagranicy, SHOP NAMEzastrzega sobie mozliwosc przed\233uzenia terminu naprawy nie d\233uzej jednak niz o 21 dni roboczych, po uprzednim poinformowaniu Kupujacego.}{section.5}% 33
\BOOKMARK [2][-]{subsection.5.7}{Okres naprawy gwarancyjnej reklamowanego wyrobu przed\233uza odpowiednio czas udzielonej gwarancji na dany Produkt.}{section.5}% 34
\BOOKMARK [2][-]{subsection.5.8}{W przypadku gdy usuniecie wady nie jest mozliwe lub wiaza\233oby sie to z nadmiernymi kosztami, SHOP NAMEmoze wymienic wyr\363b na wolny od wad lub zwr\363cic uiszczona zap\233ate. W wypadku wymiany rzeczy na wolna od wad w ramach realizacji swiadczen gwarancyjnych o kt\363rych mowa powyzej, termin gwarancji dla wymienionej rzeczy biegnie na nowo od chwili dostarczenia rzeczy wolnej od wad.}{section.5}% 35
\BOOKMARK [2][-]{subsection.5.9}{Produkty ma\233ogabarytowe nalezy, po uprzednim ustaleniu z SHOP NAME, odes\233ac na jego adres, przy czym koszty i ryzyko przesy\233ki ponosi Kupujacy. Uznanie roszczen gwarancyjnych Kupujacego bedzie r\363wnoznaczne z naprawa Produktu lub wymiana Produktu na wolny od wad i zwrotem koszt\363w przesy\233ki poniesionych przez Kupujacego}{section.5}% 36
\BOOKMARK [2][-]{subsection.5.10}{Produkty wielkogabarytowe, w zaleznosci od rodzaju wady, moga zostac naprawione przez SHOP NAMEna miejscu montazu lub, w przypadku braku takiej mozliwosci, wys\233ane na ryzyko i koszt SHOP NAMEdo siedziby Producenta.}{section.5}% 37
\BOOKMARK [2][-]{subsection.5.11}{Zar\363wno w przypadku naprawy dokonywanej przez SHOP NAMEw miejscu montazu, jak i koniecznosci dokonania demontazu przygotowania reklamowanego towaru do wysy\233ki do siedziby Producenta, Kupujacy zobowiazany jest do zapewnienia swobodnego dostepu do Produktu, usuniecia z jego powierzchni lub wnetrza wszelkich rzeczy Kupujacego np. sprzetu biurowego, dokument\363w, akcesori\363w biurowych itp. W innym przypadku serwisant ma prawo dom\363wic dzia\233an serwisowych.}{section.5}% 38
\BOOKMARK [2][-]{subsection.5.12}{Z\233ozenie Reklamacji przez Kupujacego nie zwalnia go z obowiazku zap\233aty za reklamowy Produkt. SHOP NAMEzastrzega sobie prawo wstrzymania procedury gwarancyjnej w przypadku gdy Kupujacy zalega z p\233atnosciami za faktury przeterminowane d\233uzej niz 7 dni.}{section.5}% 39
\BOOKMARK [2][-]{subsection.5.13}{Niniejsze OWG nie wy\233aczaja uprawnien Kupujacego do skorzystania z Gwarancji Producenta oferowanych bezposrednio przez fabryke wytwarzajaca zakupiony produkt. W przypadku zg\233oszenia reklamacji bezposrednio do Producenta, Kupujacego obowiazuja wszelkie wymogi formalne, eksploatacyjne, okresy gwarancji, procedury reklamacyjne opisane na Kartach Gwarancyjnych Producenta, za\233aczonych do poszczeg\363lnych Produkt\363w lub dostepnych na stronach internetowych Producenta.}{section.5}% 40
\BOOKMARK [2][-]{subsection.5.14}{W przypadku skorzystania przez Kupujacego z Gwarancji Producenta gwarancja udzielana przez SHOP NAMEprzestaje obowiazywac.}{section.5}% 41
\BOOKMARK [2][-]{subsection.5.15}{W sprawach nieuregulowanych niniejszym OWG maja zastosowanie postanowienia Kodeksu Cywilnego.}{section.5}% 42
